<?xml version="1.0" encoding="UTF-8" ?>
<testsuite failures="0" time="0.069" errors="0" skipped="0" tests="9" name="ohtu.intjoukkosovellus.IntJoukkoKaksiparametrisellaKonstruktorillaTest">
  <properties>
    <property name="java.runtime.name" value="Java(TM) SE Runtime Environment"/>
    <property name="sun.boot.library.path" value="/Library/Java/JavaVirtualMachines/jdk1.7.0_06.jdk/Contents/Home/jre/lib"/>
    <property name="java.vm.version" value="23.2-b09"/>
    <property name="user.country.format" value="FI"/>
    <property name="gopherProxySet" value="false"/>
    <property name="java.vm.vendor" value="Oracle Corporation"/>
    <property name="java.vendor.url" value="http://java.oracle.com/"/>
    <property name="path.separator" value=":"/>
    <property name="java.vm.name" value="Java HotSpot(TM) 64-Bit Server VM"/>
    <property name="file.encoding.pkg" value="sun.io"/>
    <property name="user.country" value="US"/>
    <property name="sun.java.launcher" value="SUN_STANDARD"/>
    <property name="sun.os.patch.level" value="unknown"/>
    <property name="java.vm.specification.name" value="Java Virtual Machine Specification"/>
    <property name="user.dir" value="/Users/henrikorpela/Desktop/ohtu-viikko2/viikko6/IntJoukkoSovellus"/>
    <property name="java.runtime.version" value="1.7.0_06-b24"/>
    <property name="java.awt.graphicsenv" value="sun.awt.CGraphicsEnvironment"/>
    <property name="basedir" value="/Users/henrikorpela/Desktop/ohtu-viikko2/viikko6/IntJoukkoSovellus"/>
    <property name="java.endorsed.dirs" value="/Library/Java/JavaVirtualMachines/jdk1.7.0_06.jdk/Contents/Home/jre/lib/endorsed"/>
    <property name="os.arch" value="x86_64"/>
    <property name="surefire.real.class.path" value="/Users/henrikorpela/Desktop/ohtu-viikko2/viikko6/IntJoukkoSovellus/target/surefire/surefirebooter6105967810610910027.jar"/>
    <property name="java.io.tmpdir" value="/var/folders/sh/1b3g77hn04zcdls2g6cc4c880000gn/T/"/>
    <property name="line.separator" value="
"/>
    <property name="java.vm.specification.vendor" value="Oracle Corporation"/>
    <property name="os.name" value="Mac OS X"/>
    <property name="sun.jnu.encoding" value="UTF-8"/>
    <property name="java.library.path" value="/Users/henrikorpela/Library/Java/Extensions:/Library/Java/Extensions:/Network/Library/Java/Extensions:/System/Library/Java/Extensions:/usr/lib/java:."/>
    <property name="surefire.test.class.path" value="/Users/henrikorpela/Desktop/ohtu-viikko2/viikko6/IntJoukkoSovellus/target/test-classes:/Users/henrikorpela/Desktop/ohtu-viikko2/viikko6/IntJoukkoSovellus/target/generated-classes/cobertura:/Users/henrikorpela/.m2/repository/junit/junit/4.10/junit-4.10.jar:/Users/henrikorpela/.m2/repository/org/hamcrest/hamcrest-core/1.1/hamcrest-core-1.1.jar:/Users/henrikorpela/.m2/repository/net/sourceforge/cobertura/cobertura/2.0.3/cobertura-2.0.3.jar:/Users/henrikorpela/.m2/repository/org/ow2/asm/asm/4.1/asm-4.1.jar:/Users/henrikorpela/.m2/repository/org/ow2/asm/asm-tree/4.1/asm-tree-4.1.jar:/Users/henrikorpela/.m2/repository/org/ow2/asm/asm-commons/4.1/asm-commons-4.1.jar:/Users/henrikorpela/.m2/repository/org/ow2/asm/asm-util/4.1/asm-util-4.1.jar:/Users/henrikorpela/.m2/repository/org/ow2/asm/asm-analysis/4.1/asm-analysis-4.1.jar:/Users/henrikorpela/.m2/repository/jaxen/jaxen/1.1-beta-8/jaxen-1.1-beta-8.jar:/Users/henrikorpela/.m2/repository/dom4j/dom4j/1.6.1/dom4j-1.6.1.jar:/Users/henrikorpela/.m2/repository/xml-apis/xml-apis/1.0.b2/xml-apis-1.0.b2.jar:/Users/henrikorpela/.m2/repository/jdom/jdom/1.0/jdom-1.0.jar:/Users/henrikorpela/.m2/repository/xerces/xmlParserAPIs/2.6.2/xmlParserAPIs-2.6.2.jar:/Users/henrikorpela/.m2/repository/xerces/xercesImpl/2.6.2/xercesImpl-2.6.2.jar:/Users/henrikorpela/.m2/repository/xom/xom/1.0b3/xom-1.0b3.jar:/Users/henrikorpela/.m2/repository/com/ibm/icu/icu4j/2.6.1/icu4j-2.6.1.jar:/Users/henrikorpela/.m2/repository/xalan/xalan/2.6.0/xalan-2.6.0.jar:/Users/henrikorpela/.m2/repository/org/ccil/cowan/tagsoup/tagsoup/0.9.7/tagsoup-0.9.7.jar:/Users/henrikorpela/.m2/repository/org/apache/ant/ant/1.8.3/ant-1.8.3.jar:/Users/henrikorpela/.m2/repository/org/apache/ant/ant-launcher/1.8.3/ant-launcher-1.8.3.jar:/Users/henrikorpela/.m2/repository/org/mortbay/jetty/servlet-api-2.5/6.1.14/servlet-api-2.5-6.1.14.jar:/Users/henrikorpela/.m2/repository/org/mortbay/jetty/jetty/6.1.14/jetty-6.1.14.jar:/Users/henrikorpela/.m2/repository/org/mortbay/jetty/jetty-util/6.1.14/jetty-util-6.1.14.jar:/Library/Java/JavaVirtualMachines/jdk1.7.0_06.jdk/Contents/Home/jre/../lib/tools.jar:"/>
    <property name="java.specification.name" value="Java Platform API Specification"/>
    <property name="java.class.version" value="51.0"/>
    <property name="sun.management.compiler" value="HotSpot 64-Bit Tiered Compilers"/>
    <property name="os.version" value="10.7.5"/>
    <property name="http.nonProxyHosts" value="local|*.local|169.254/16|*.169.254/16"/>
    <property name="user.home" value="/Users/henrikorpela"/>
    <property name="user.timezone" value=""/>
    <property name="java.awt.printerjob" value="sun.lwawt.macosx.CPrinterJob"/>
    <property name="java.specification.version" value="1.7"/>
    <property name="file.encoding" value="UTF-8"/>
    <property name="user.name" value="henrikorpela"/>
    <property name="java.class.path" value="/Users/henrikorpela/Desktop/ohtu-viikko2/viikko6/IntJoukkoSovellus/target/test-classes:/Users/henrikorpela/Desktop/ohtu-viikko2/viikko6/IntJoukkoSovellus/target/generated-classes/cobertura:/Users/henrikorpela/.m2/repository/junit/junit/4.10/junit-4.10.jar:/Users/henrikorpela/.m2/repository/org/hamcrest/hamcrest-core/1.1/hamcrest-core-1.1.jar:/Users/henrikorpela/.m2/repository/net/sourceforge/cobertura/cobertura/2.0.3/cobertura-2.0.3.jar:/Users/henrikorpela/.m2/repository/org/ow2/asm/asm/4.1/asm-4.1.jar:/Users/henrikorpela/.m2/repository/org/ow2/asm/asm-tree/4.1/asm-tree-4.1.jar:/Users/henrikorpela/.m2/repository/org/ow2/asm/asm-commons/4.1/asm-commons-4.1.jar:/Users/henrikorpela/.m2/repository/org/ow2/asm/asm-util/4.1/asm-util-4.1.jar:/Users/henrikorpela/.m2/repository/org/ow2/asm/asm-analysis/4.1/asm-analysis-4.1.jar:/Users/henrikorpela/.m2/repository/jaxen/jaxen/1.1-beta-8/jaxen-1.1-beta-8.jar:/Users/henrikorpela/.m2/repository/dom4j/dom4j/1.6.1/dom4j-1.6.1.jar:/Users/henrikorpela/.m2/repository/xml-apis/xml-apis/1.0.b2/xml-apis-1.0.b2.jar:/Users/henrikorpela/.m2/repository/jdom/jdom/1.0/jdom-1.0.jar:/Users/henrikorpela/.m2/repository/xerces/xmlParserAPIs/2.6.2/xmlParserAPIs-2.6.2.jar:/Users/henrikorpela/.m2/repository/xerces/xercesImpl/2.6.2/xercesImpl-2.6.2.jar:/Users/henrikorpela/.m2/repository/xom/xom/1.0b3/xom-1.0b3.jar:/Users/henrikorpela/.m2/repository/com/ibm/icu/icu4j/2.6.1/icu4j-2.6.1.jar:/Users/henrikorpela/.m2/repository/xalan/xalan/2.6.0/xalan-2.6.0.jar:/Users/henrikorpela/.m2/repository/org/ccil/cowan/tagsoup/tagsoup/0.9.7/tagsoup-0.9.7.jar:/Users/henrikorpela/.m2/repository/org/apache/ant/ant/1.8.3/ant-1.8.3.jar:/Users/henrikorpela/.m2/repository/org/apache/ant/ant-launcher/1.8.3/ant-launcher-1.8.3.jar:/Users/henrikorpela/.m2/repository/org/mortbay/jetty/servlet-api-2.5/6.1.14/servlet-api-2.5-6.1.14.jar:/Users/henrikorpela/.m2/repository/org/mortbay/jetty/jetty/6.1.14/jetty-6.1.14.jar:/Users/henrikorpela/.m2/repository/org/mortbay/jetty/jetty-util/6.1.14/jetty-util-6.1.14.jar:/Library/Java/JavaVirtualMachines/jdk1.7.0_06.jdk/Contents/Home/jre/../lib/tools.jar:"/>
    <property name="java.vm.specification.version" value="1.7"/>
    <property name="sun.arch.data.model" value="64"/>
    <property name="java.home" value="/Library/Java/JavaVirtualMachines/jdk1.7.0_06.jdk/Contents/Home/jre"/>
    <property name="sun.java.command" value="/Users/henrikorpela/Desktop/ohtu-viikko2/viikko6/IntJoukkoSovellus/target/surefire/surefirebooter6105967810610910027.jar /Users/henrikorpela/Desktop/ohtu-viikko2/viikko6/IntJoukkoSovellus/target/surefire/surefire6407852167775072390tmp /Users/henrikorpela/Desktop/ohtu-viikko2/viikko6/IntJoukkoSovellus/target/surefire/surefire4143131504744025853tmp"/>
    <property name="java.specification.vendor" value="Oracle Corporation"/>
    <property name="user.language" value="en"/>
    <property name="awt.toolkit" value="sun.lwawt.macosx.LWCToolkit"/>
    <property name="java.vm.info" value="mixed mode"/>
    <property name="java.version" value="1.7.0_06"/>
    <property name="java.ext.dirs" value="/Users/henrikorpela/Library/Java/Extensions:/Library/Java/JavaVirtualMachines/jdk1.7.0_06.jdk/Contents/Home/jre/lib/ext:/Library/Java/Extensions:/Network/Library/Java/Extensions:/System/Library/Java/Extensions:/usr/lib/java"/>
    <property name="sun.boot.class.path" value="/Library/Java/JavaVirtualMachines/jdk1.7.0_06.jdk/Contents/Home/jre/lib/resources.jar:/Library/Java/JavaVirtualMachines/jdk1.7.0_06.jdk/Contents/Home/jre/lib/rt.jar:/Library/Java/JavaVirtualMachines/jdk1.7.0_06.jdk/Contents/Home/jre/lib/sunrsasign.jar:/Library/Java/JavaVirtualMachines/jdk1.7.0_06.jdk/Contents/Home/jre/lib/jsse.jar:/Library/Java/JavaVirtualMachines/jdk1.7.0_06.jdk/Contents/Home/jre/lib/jce.jar:/Library/Java/JavaVirtualMachines/jdk1.7.0_06.jdk/Contents/Home/jre/lib/charsets.jar:/Library/Java/JavaVirtualMachines/jdk1.7.0_06.jdk/Contents/Home/jre/lib/jfr.jar:/Library/Java/JavaVirtualMachines/jdk1.7.0_06.jdk/Contents/Home/jre/lib/JObjC.jar:/Library/Java/JavaVirtualMachines/jdk1.7.0_06.jdk/Contents/Home/jre/classes"/>
    <property name="java.vendor" value="Oracle Corporation"/>
    <property name="localRepository" value="/Users/henrikorpela/.m2/repository"/>
    <property name="file.separator" value="/"/>
    <property name="java.vendor.url.bug" value="http://bugreport.sun.com/bugreport/"/>
    <property name="sun.cpu.endian" value="little"/>
    <property name="sun.io.unicode.encoding" value="UnicodeBig"/>
    <property name="socksNonProxyHosts" value="local|*.local|169.254/16|*.169.254/16"/>
    <property name="ftp.nonProxyHosts" value="local|*.local|169.254/16|*.169.254/16"/>
    <property name="sun.cpu.isalist" value=""/>
  </properties>
  <testcase time="0.013" classname="ohtu.intjoukkosovellus.IntJoukkoKaksiparametrisellaKonstruktorillaTest" name="luonnissaEiSallitaNegatiivisiaArvoja"/>
  <testcase time="0" classname="ohtu.intjoukkosovellus.IntJoukkoKaksiparametrisellaKonstruktorillaTest" name="lukujaLisattyMaara"/>
  <testcase time="0" classname="ohtu.intjoukkosovellus.IntJoukkoKaksiparametrisellaKonstruktorillaTest" name="samaLukuMeneeJoukkoonVaanKerran"/>
  <testcase time="0" classname="ohtu.intjoukkosovellus.IntJoukkoKaksiparametrisellaKonstruktorillaTest" name="vainLisatytLuvutLoytyvat"/>
  <testcase time="0.001" classname="ohtu.intjoukkosovellus.IntJoukkoKaksiparametrisellaKonstruktorillaTest" name="poistettuEiOleEnaaJoukossa"/>
  <testcase time="0.002" classname="ohtu.intjoukkosovellus.IntJoukkoKaksiparametrisellaKonstruktorillaTest" name="palautetaanOikeaTaulukko"/>
  <testcase time="0.001" classname="ohtu.intjoukkosovellus.IntJoukkoKaksiparametrisellaKonstruktorillaTest" name="toimiiKasvatuksenJalkeen"/>
  <testcase time="0" classname="ohtu.intjoukkosovellus.IntJoukkoKaksiparametrisellaKonstruktorillaTest" name="poisto"/>
  <testcase time="0.001" classname="ohtu.intjoukkosovellus.IntJoukkoKaksiparametrisellaKonstruktorillaTest" name="toStringToimii"/>
</testsuite>