<?xml version="1.0" encoding="UTF-8" ?>
<testsuite failures="0" time="0.016" errors="0" skipped="0" tests="4" name="com.mycompany.ohmawebkauppa.sovelluslogiikka.ohjaus.OstoksenSuoritusTest">
  <properties>
    <property name="java.runtime.name" value="Java(TM) SE Runtime Environment"/>
    <property name="sun.boot.library.path" value="/Library/Java/JavaVirtualMachines/jdk1.7.0_06.jdk/Contents/Home/jre/lib"/>
    <property name="java.vm.version" value="23.2-b09"/>
    <property name="user.country.format" value="FI"/>
    <property name="gopherProxySet" value="false"/>
    <property name="java.vm.vendor" value="Oracle Corporation"/>
    <property name="java.vendor.url" value="http://java.oracle.com/"/>
    <property name="path.separator" value=":"/>
    <property name="java.vm.name" value="Java HotSpot(TM) 64-Bit Server VM"/>
    <property name="file.encoding.pkg" value="sun.io"/>
    <property name="user.country" value="US"/>
    <property name="sun.java.launcher" value="SUN_STANDARD"/>
    <property name="sun.os.patch.level" value="unknown"/>
    <property name="java.vm.specification.name" value="Java Virtual Machine Specification"/>
    <property name="user.dir" value="/Users/henrikorpela/Desktop/ohtu-viikko2/viikko3/KumpulaBiershop"/>
    <property name="java.runtime.version" value="1.7.0_06-b24"/>
    <property name="java.awt.graphicsenv" value="sun.awt.CGraphicsEnvironment"/>
    <property name="basedir" value="/Users/henrikorpela/Desktop/ohtu-viikko2/viikko3/KumpulaBiershop"/>
    <property name="java.endorsed.dirs" value="/Library/Java/JavaVirtualMachines/jdk1.7.0_06.jdk/Contents/Home/jre/lib/endorsed"/>
    <property name="os.arch" value="x86_64"/>
    <property name="surefire.real.class.path" value="/Users/henrikorpela/Desktop/ohtu-viikko2/viikko3/KumpulaBiershop/target/surefire/surefirebooter1745236261404262569.jar"/>
    <property name="java.io.tmpdir" value="/var/folders/sh/1b3g77hn04zcdls2g6cc4c880000gn/T/"/>
    <property name="line.separator" value="
"/>
    <property name="java.vm.specification.vendor" value="Oracle Corporation"/>
    <property name="os.name" value="Mac OS X"/>
    <property name="sun.jnu.encoding" value="UTF-8"/>
    <property name="java.library.path" value="/Users/henrikorpela/Library/Java/Extensions:/Library/Java/Extensions:/Network/Library/Java/Extensions:/System/Library/Java/Extensions:/usr/lib/java:."/>
    <property name="surefire.test.class.path" value="/Users/henrikorpela/Desktop/ohtu-viikko2/viikko3/KumpulaBiershop/target/test-classes:/Users/henrikorpela/Desktop/ohtu-viikko2/viikko3/KumpulaBiershop/target/classes:/Users/henrikorpela/.m2/repository/com/google/code/gson/gson/1.7.1/gson-1.7.1.jar:/Users/henrikorpela/.m2/repository/javax/javaee-web-api/6.0/javaee-web-api-6.0.jar:/Users/henrikorpela/.m2/repository/junit/junit/4.8.2/junit-4.8.2.jar:/Users/henrikorpela/.m2/repository/org/seleniumhq/selenium/selenium-java/2.6.0/selenium-java-2.6.0.jar:/Users/henrikorpela/.m2/repository/org/seleniumhq/selenium/selenium-android-driver/2.6.0/selenium-android-driver-2.6.0.jar:/Users/henrikorpela/.m2/repository/org/seleniumhq/selenium/selenium-remote-driver/2.6.0/selenium-remote-driver-2.6.0.jar:/Users/henrikorpela/.m2/repository/cglib/cglib-nodep/2.1_3/cglib-nodep-2.1_3.jar:/Users/henrikorpela/.m2/repository/org/json/json/20080701/json-20080701.jar:/Users/henrikorpela/.m2/repository/org/seleniumhq/selenium/selenium-chrome-driver/2.6.0/selenium-chrome-driver-2.6.0.jar:/Users/henrikorpela/.m2/repository/org/seleniumhq/selenium/selenium-htmlunit-driver/2.6.0/selenium-htmlunit-driver-2.6.0.jar:/Users/henrikorpela/.m2/repository/org/seleniumhq/selenium/selenium-api/2.6.0/selenium-api-2.6.0.jar:/Users/henrikorpela/.m2/repository/com/google/guava/guava/r09/guava-r09.jar:/Users/henrikorpela/.m2/repository/net/sourceforge/htmlunit/htmlunit/2.9/htmlunit-2.9.jar:/Users/henrikorpela/.m2/repository/xalan/xalan/2.7.1/xalan-2.7.1.jar:/Users/henrikorpela/.m2/repository/xalan/serializer/2.7.1/serializer-2.7.1.jar:/Users/henrikorpela/.m2/repository/org/apache/httpcomponents/httpmime/4.1.2/httpmime-4.1.2.jar:/Users/henrikorpela/.m2/repository/commons-codec/commons-codec/1.4/commons-codec-1.4.jar:/Users/henrikorpela/.m2/repository/net/sourceforge/htmlunit/htmlunit-core-js/2.9/htmlunit-core-js-2.9.jar:/Users/henrikorpela/.m2/repository/xerces/xercesImpl/2.9.1/xercesImpl-2.9.1.jar:/Users/henrikorpela/.m2/repository/xml-apis/xml-apis/1.3.04/xml-apis-1.3.04.jar:/Users/henrikorpela/.m2/repository/net/sourceforge/nekohtml/nekohtml/1.9.15/nekohtml-1.9.15.jar:/Users/henrikorpela/.m2/repository/net/sourceforge/cssparser/cssparser/0.9.5/cssparser-0.9.5.jar:/Users/henrikorpela/.m2/repository/org/w3c/css/sac/1.3/sac-1.3.jar:/Users/henrikorpela/.m2/repository/commons-logging/commons-logging/1.1.1/commons-logging-1.1.1.jar:/Users/henrikorpela/.m2/repository/org/apache/httpcomponents/httpclient/4.1.2/httpclient-4.1.2.jar:/Users/henrikorpela/.m2/repository/org/apache/httpcomponents/httpcore/4.1.2/httpcore-4.1.2.jar:/Users/henrikorpela/.m2/repository/org/seleniumhq/selenium/selenium-firefox-driver/2.6.0/selenium-firefox-driver-2.6.0.jar:/Users/henrikorpela/.m2/repository/org/seleniumhq/selenium/selenium-ie-driver/2.6.0/selenium-ie-driver-2.6.0.jar:/Users/henrikorpela/.m2/repository/net/java/dev/jna/jna/3.3.0/jna-3.3.0.jar:/Users/henrikorpela/.m2/repository/org/seleniumhq/selenium/selenium-iphone-driver/2.6.0/selenium-iphone-driver-2.6.0.jar:/Users/henrikorpela/.m2/repository/org/seleniumhq/selenium/selenium-support/2.6.0/selenium-support-2.6.0.jar:/Users/henrikorpela/.m2/repository/org/jbehave/jbehave-core/3.4.5/jbehave-core-3.4.5.jar:/Users/henrikorpela/.m2/repository/junit/junit-dep/4.8.2/junit-dep-4.8.2.jar:/Users/henrikorpela/.m2/repository/org/hamcrest/hamcrest-core/1.1/hamcrest-core-1.1.jar:/Users/henrikorpela/.m2/repository/org/hamcrest/hamcrest-library/1.1/hamcrest-library-1.1.jar:/Users/henrikorpela/.m2/repository/org/hamcrest/hamcrest-integration/1.1/hamcrest-integration-1.1.jar:/Users/henrikorpela/.m2/repository/commons-collections/commons-collections/3.2.1/commons-collections-3.2.1.jar:/Users/henrikorpela/.m2/repository/commons-io/commons-io/1.4/commons-io-1.4.jar:/Users/henrikorpela/.m2/repository/commons-lang/commons-lang/2.5/commons-lang-2.5.jar:/Users/henrikorpela/.m2/repository/org/codehaus/plexus/plexus-utils/2.0.5/plexus-utils-2.0.5.jar:/Users/henrikorpela/.m2/repository/org/freemarker/freemarker/2.3.16/freemarker-2.3.16.jar:/Users/henrikorpela/.m2/repository/com/thoughtworks/paranamer/paranamer/2.3/paranamer-2.3.jar:/Users/henrikorpela/.m2/repository/com/thoughtworks/xstream/xstream/1.3.1/xstream-1.3.1.jar:/Users/henrikorpela/.m2/repository/xpp3/xpp3_min/1.1.4c/xpp3_min-1.1.4c.jar:/Users/henrikorpela/.m2/repository/org/jbehave/web/jbehave-web-selenium/3.3.4/jbehave-web-selenium-3.3.4.jar:/Users/henrikorpela/.m2/repository/org/seleniumhq/selenium/selenium-remote-control/2.0b3/selenium-remote-control-2.0b3.jar:"/>
    <property name="java.specification.name" value="Java Platform API Specification"/>
    <property name="java.class.version" value="51.0"/>
    <property name="sun.management.compiler" value="HotSpot 64-Bit Tiered Compilers"/>
    <property name="os.version" value="10.7.5"/>
    <property name="http.nonProxyHosts" value="local|*.local|169.254/16|*.169.254/16"/>
    <property name="user.home" value="/Users/henrikorpela"/>
    <property name="user.timezone" value="Europe/Helsinki"/>
    <property name="java.awt.printerjob" value="sun.lwawt.macosx.CPrinterJob"/>
    <property name="java.specification.version" value="1.7"/>
    <property name="file.encoding" value="UTF-8"/>
    <property name="user.name" value="henrikorpela"/>
    <property name="java.class.path" value="/Users/henrikorpela/Desktop/ohtu-viikko2/viikko3/KumpulaBiershop/target/test-classes:/Users/henrikorpela/Desktop/ohtu-viikko2/viikko3/KumpulaBiershop/target/classes:/Users/henrikorpela/.m2/repository/com/google/code/gson/gson/1.7.1/gson-1.7.1.jar:/Users/henrikorpela/.m2/repository/javax/javaee-web-api/6.0/javaee-web-api-6.0.jar:/Users/henrikorpela/.m2/repository/junit/junit/4.8.2/junit-4.8.2.jar:/Users/henrikorpela/.m2/repository/org/seleniumhq/selenium/selenium-java/2.6.0/selenium-java-2.6.0.jar:/Users/henrikorpela/.m2/repository/org/seleniumhq/selenium/selenium-android-driver/2.6.0/selenium-android-driver-2.6.0.jar:/Users/henrikorpela/.m2/repository/org/seleniumhq/selenium/selenium-remote-driver/2.6.0/selenium-remote-driver-2.6.0.jar:/Users/henrikorpela/.m2/repository/cglib/cglib-nodep/2.1_3/cglib-nodep-2.1_3.jar:/Users/henrikorpela/.m2/repository/org/json/json/20080701/json-20080701.jar:/Users/henrikorpela/.m2/repository/org/seleniumhq/selenium/selenium-chrome-driver/2.6.0/selenium-chrome-driver-2.6.0.jar:/Users/henrikorpela/.m2/repository/org/seleniumhq/selenium/selenium-htmlunit-driver/2.6.0/selenium-htmlunit-driver-2.6.0.jar:/Users/henrikorpela/.m2/repository/org/seleniumhq/selenium/selenium-api/2.6.0/selenium-api-2.6.0.jar:/Users/henrikorpela/.m2/repository/com/google/guava/guava/r09/guava-r09.jar:/Users/henrikorpela/.m2/repository/net/sourceforge/htmlunit/htmlunit/2.9/htmlunit-2.9.jar:/Users/henrikorpela/.m2/repository/xalan/xalan/2.7.1/xalan-2.7.1.jar:/Users/henrikorpela/.m2/repository/xalan/serializer/2.7.1/serializer-2.7.1.jar:/Users/henrikorpela/.m2/repository/org/apache/httpcomponents/httpmime/4.1.2/httpmime-4.1.2.jar:/Users/henrikorpela/.m2/repository/commons-codec/commons-codec/1.4/commons-codec-1.4.jar:/Users/henrikorpela/.m2/repository/net/sourceforge/htmlunit/htmlunit-core-js/2.9/htmlunit-core-js-2.9.jar:/Users/henrikorpela/.m2/repository/xerces/xercesImpl/2.9.1/xercesImpl-2.9.1.jar:/Users/henrikorpela/.m2/repository/xml-apis/xml-apis/1.3.04/xml-apis-1.3.04.jar:/Users/henrikorpela/.m2/repository/net/sourceforge/nekohtml/nekohtml/1.9.15/nekohtml-1.9.15.jar:/Users/henrikorpela/.m2/repository/net/sourceforge/cssparser/cssparser/0.9.5/cssparser-0.9.5.jar:/Users/henrikorpela/.m2/repository/org/w3c/css/sac/1.3/sac-1.3.jar:/Users/henrikorpela/.m2/repository/commons-logging/commons-logging/1.1.1/commons-logging-1.1.1.jar:/Users/henrikorpela/.m2/repository/org/apache/httpcomponents/httpclient/4.1.2/httpclient-4.1.2.jar:/Users/henrikorpela/.m2/repository/org/apache/httpcomponents/httpcore/4.1.2/httpcore-4.1.2.jar:/Users/henrikorpela/.m2/repository/org/seleniumhq/selenium/selenium-firefox-driver/2.6.0/selenium-firefox-driver-2.6.0.jar:/Users/henrikorpela/.m2/repository/org/seleniumhq/selenium/selenium-ie-driver/2.6.0/selenium-ie-driver-2.6.0.jar:/Users/henrikorpela/.m2/repository/net/java/dev/jna/jna/3.3.0/jna-3.3.0.jar:/Users/henrikorpela/.m2/repository/org/seleniumhq/selenium/selenium-iphone-driver/2.6.0/selenium-iphone-driver-2.6.0.jar:/Users/henrikorpela/.m2/repository/org/seleniumhq/selenium/selenium-support/2.6.0/selenium-support-2.6.0.jar:/Users/henrikorpela/.m2/repository/org/jbehave/jbehave-core/3.4.5/jbehave-core-3.4.5.jar:/Users/henrikorpela/.m2/repository/junit/junit-dep/4.8.2/junit-dep-4.8.2.jar:/Users/henrikorpela/.m2/repository/org/hamcrest/hamcrest-core/1.1/hamcrest-core-1.1.jar:/Users/henrikorpela/.m2/repository/org/hamcrest/hamcrest-library/1.1/hamcrest-library-1.1.jar:/Users/henrikorpela/.m2/repository/org/hamcrest/hamcrest-integration/1.1/hamcrest-integration-1.1.jar:/Users/henrikorpela/.m2/repository/commons-collections/commons-collections/3.2.1/commons-collections-3.2.1.jar:/Users/henrikorpela/.m2/repository/commons-io/commons-io/1.4/commons-io-1.4.jar:/Users/henrikorpela/.m2/repository/commons-lang/commons-lang/2.5/commons-lang-2.5.jar:/Users/henrikorpela/.m2/repository/org/codehaus/plexus/plexus-utils/2.0.5/plexus-utils-2.0.5.jar:/Users/henrikorpela/.m2/repository/org/freemarker/freemarker/2.3.16/freemarker-2.3.16.jar:/Users/henrikorpela/.m2/repository/com/thoughtworks/paranamer/paranamer/2.3/paranamer-2.3.jar:/Users/henrikorpela/.m2/repository/com/thoughtworks/xstream/xstream/1.3.1/xstream-1.3.1.jar:/Users/henrikorpela/.m2/repository/xpp3/xpp3_min/1.1.4c/xpp3_min-1.1.4c.jar:/Users/henrikorpela/.m2/repository/org/jbehave/web/jbehave-web-selenium/3.3.4/jbehave-web-selenium-3.3.4.jar:/Users/henrikorpela/.m2/repository/org/seleniumhq/selenium/selenium-remote-control/2.0b3/selenium-remote-control-2.0b3.jar:"/>
    <property name="java.vm.specification.version" value="1.7"/>
    <property name="sun.arch.data.model" value="64"/>
    <property name="java.home" value="/Library/Java/JavaVirtualMachines/jdk1.7.0_06.jdk/Contents/Home/jre"/>
    <property name="sun.java.command" value="/Users/henrikorpela/Desktop/ohtu-viikko2/viikko3/KumpulaBiershop/target/surefire/surefirebooter1745236261404262569.jar /Users/henrikorpela/Desktop/ohtu-viikko2/viikko3/KumpulaBiershop/target/surefire/surefire4622242118760331779tmp /Users/henrikorpela/Desktop/ohtu-viikko2/viikko3/KumpulaBiershop/target/surefire/surefire6597076824423565309tmp"/>
    <property name="java.specification.vendor" value="Oracle Corporation"/>
    <property name="user.language" value="en"/>
    <property name="awt.toolkit" value="sun.lwawt.macosx.LWCToolkit"/>
    <property name="java.vm.info" value="mixed mode"/>
    <property name="java.version" value="1.7.0_06"/>
    <property name="java.ext.dirs" value="/Users/henrikorpela/Library/Java/Extensions:/Library/Java/JavaVirtualMachines/jdk1.7.0_06.jdk/Contents/Home/jre/lib/ext:/Library/Java/Extensions:/Network/Library/Java/Extensions:/System/Library/Java/Extensions:/usr/lib/java"/>
    <property name="sun.boot.class.path" value="/Library/Java/JavaVirtualMachines/jdk1.7.0_06.jdk/Contents/Home/jre/lib/resources.jar:/Library/Java/JavaVirtualMachines/jdk1.7.0_06.jdk/Contents/Home/jre/lib/rt.jar:/Library/Java/JavaVirtualMachines/jdk1.7.0_06.jdk/Contents/Home/jre/lib/sunrsasign.jar:/Library/Java/JavaVirtualMachines/jdk1.7.0_06.jdk/Contents/Home/jre/lib/jsse.jar:/Library/Java/JavaVirtualMachines/jdk1.7.0_06.jdk/Contents/Home/jre/lib/jce.jar:/Library/Java/JavaVirtualMachines/jdk1.7.0_06.jdk/Contents/Home/jre/lib/charsets.jar:/Library/Java/JavaVirtualMachines/jdk1.7.0_06.jdk/Contents/Home/jre/lib/jfr.jar:/Library/Java/JavaVirtualMachines/jdk1.7.0_06.jdk/Contents/Home/jre/lib/JObjC.jar:/Library/Java/JavaVirtualMachines/jdk1.7.0_06.jdk/Contents/Home/jre/classes"/>
    <property name="java.vendor" value="Oracle Corporation"/>
    <property name="localRepository" value="/Users/henrikorpela/.m2/repository"/>
    <property name="file.separator" value="/"/>
    <property name="java.vendor.url.bug" value="http://bugreport.sun.com/bugreport/"/>
    <property name="sun.cpu.endian" value="little"/>
    <property name="sun.io.unicode.encoding" value="UnicodeBig"/>
    <property name="socksNonProxyHosts" value="local|*.local|169.254/16|*.169.254/16"/>
    <property name="ftp.nonProxyHosts" value="local|*.local|169.254/16|*.169.254/16"/>
    <property name="sun.cpu.isalist" value=""/>
  </properties>
  <testcase time="0.011" classname="com.mycompany.ohmawebkauppa.sovelluslogiikka.ohjaus.OstoksenSuoritusTest" name="josMaksuOnnistuuKoriTyhjenee"/>
  <testcase time="0" classname="com.mycompany.ohmawebkauppa.sovelluslogiikka.ohjaus.OstoksenSuoritusTest" name="josMaksuOnnistuuPankinRajapintaaKaytetty"/>
  <testcase time="0" classname="com.mycompany.ohmawebkauppa.sovelluslogiikka.ohjaus.OstoksenSuoritusTest" name="josMaksuOnnistuuToiRajmituksenapintaaKaytetty"/>
  <testcase time="0" classname="com.mycompany.ohmawebkauppa.sovelluslogiikka.ohjaus.OstoksenSuoritusTest" name="josPankkiEiHyvaksyMaksuaPalautetaanFalseToimitustaEiTehda"/>
</testsuite>